#
# There is insufficient memory for the Java Runtime Environment to continue.
# Native memory allocation (malloc) failed to allocate 1136976 bytes. Error detail: Chunk::new
# Possible reasons:
#   The system is out of physical RAM or swap space
#   This process is running with CompressedOops enabled, and the Java Heap may be blocking the growth of the native heap
# Possible solutions:
#   Reduce memory load on the system
#   Increase physical memory or swap space
#   Check if swap backing store is full
#   Decrease Java heap size (-Xmx/-Xms)
#   Decrease number of Java threads
#   Decrease Java thread stack sizes (-Xss)
#   Set larger code cache with -XX:ReservedCodeCacheSize=
#   JVM is running with Unscaled Compressed Oops mode in which the Java heap is
#     placed in the first 4GB address space. The Java Heap base address is the
#     maximum limit for the native heap growth. Please use -XX:HeapBaseMinAddress
#     to set the Java Heap base and to place the Java Heap above 4GB virtual address.
# This output file may be truncated or incomplete.
#
#  Out of Memory Error (arena.cpp:168), pid=12360, tid=4572
#
# JRE version: OpenJDK Runtime Environment Temurin-21.0.8+9 (21.0.8+9) (build 21.0.8+9-LTS)
# Java VM: OpenJDK 64-Bit Server VM Temurin-21.0.8+9 (21.0.8+9-LTS, mixed mode, sharing, tiered, compressed oops, compressed class ptrs, parallel gc, windows-amd64)
# No core dump will be written. Minidumps are not enabled by default on client versions of Windows
#

---------------  S U M M A R Y ------------

Command Line: --add-modules=ALL-SYSTEM --add-opens=java.base/java.util=ALL-UNNAMED --add-opens=java.base/java.lang=ALL-UNNAMED --add-opens=java.base/sun.nio.fs=ALL-UNNAMED -Declipse.application=org.eclipse.jdt.ls.core.id1 -Dosgi.bundles.defaultStartLevel=4 -Declipse.product=org.eclipse.jdt.ls.core.product -Djava.import.generatesMetadataFilesAtProjectRoot=false -DDetectVMInstallationsJob.disabled=true -Dfile.encoding=utf8 -XX:+UseParallelGC -XX:GCTimeRatio=4 -XX:AdaptiveSizePolicyWeight=90 -Dsun.zip.disableMemoryMapping=true -Xmx2G -Xms100m -Xlog:disable -javaagent:c:\Users\Ananna\.vscode\extensions\redhat.java-1.44.0-win32-x64\lombok\lombok-1.18.39-4050.jar -XX:+HeapDumpOnOutOfMemoryError -XX:HeapDumpPath=c:\Users\Ananna\AppData\Roaming\Code\User\workspaceStorage\1ce8848d70978081d49c3080bb119f94\redhat.java -Daether.dependencyCollector.impl=bf c:\Users\Ananna\.vscode\extensions\redhat.java-1.44.0-win32-x64\server\plugins\org.eclipse.equinox.launcher_1.7.0.v20250519-0528.jar -configuration c:\Users\Ananna\AppData\Roaming\Code\User\globalStorage\redhat.java\1.44.0\config_win -data c:\Users\Ananna\AppData\Roaming\Code\User\workspaceStorage\1ce8848d70978081d49c3080bb119f94\redhat.java\jdt_ws --pipe=\\.\pipe\lsp-b264a86e2ae4c3c1fd405404db5c4e04-sock

Host: Intel(R) Core(TM) i5-6200U CPU @ 2.30GHz, 4 cores, 7G,  Windows 11 , 64 bit Build 26100 (10.0.26100.4484)
Time: Wed Aug 13 23:58:51 2025 Bangladesh Standard Time elapsed time: 114.781133 seconds (0d 0h 1m 54s)

---------------  T H R E A D  ---------------

Current thread (0x0000015a38605a50):  JavaThread "C2 CompilerThread0" daemon [_thread_in_native, id=4572, stack(0x000000514a100000,0x000000514a200000) (1024K)]


Current CompileTask:
C2:114781 13032       4       org.eclipse.osgi.internal.serviceregistry.ServiceRegistry::notifyHooksPrivileged (57 bytes)

Stack: [0x000000514a100000,0x000000514a200000]
Native frames: (J=compiled Java code, j=interpreted, Vv=VM code, C=native code)
V  [jvm.dll+0x6d2449]
V  [jvm.dll+0x8ae341]
V  [jvm.dll+0x8b08be]
V  [jvm.dll+0x8b0fa3]
V  [jvm.dll+0x280c96]
V  [jvm.dll+0xc581d]
V  [jvm.dll+0xc5d53]
V  [jvm.dll+0x3b919c]
V  [jvm.dll+0x1e1213]
V  [jvm.dll+0x249022]
V  [jvm.dll+0x2484af]
V  [jvm.dll+0x1c89ee]
V  [jvm.dll+0x257d4d]
V  [jvm.dll+0x2562ea]
V  [jvm.dll+0x3f2d16]
V  [jvm.dll+0x857e6b]
V  [jvm.dll+0x6d0b0d]
C  [ucrtbase.dll+0x37b0]
C  [KERNEL32.DLL+0x2e8d7]
C  [ntdll.dll+0x3c34c]


---------------  P R O C E S S  ---------------

Threads class SMR info:
_java_thread_list=0x0000015a99b3f750, length=50, elements={
0x0000015a3870a300, 0x0000015a385fbb20, 0x0000015a385fdcd0, 0x0000015a38600820,
0x0000015a38601470, 0x0000015a386020c0, 0x0000015a38604c20, 0x0000015a38605a50,
0x0000015a38681ab0, 0x0000015a386be400, 0x0000015a9527dbf0, 0x0000015a95beaca0,
0x0000015a95caf3b0, 0x0000015a959a69c0, 0x0000015a959a7a20, 0x0000015a962d3340,
0x0000015a95f615c0, 0x0000015a961d6bc0, 0x0000015a961d5ea0, 0x0000015a961d6530,
0x0000015a961d7f70, 0x0000015a961d8600, 0x0000015a961d5180, 0x0000015a961d5810,
0x0000015a9752f410, 0x0000015a9752faa0, 0x0000015a97530130, 0x0000015a97530e50,
0x0000015a975314e0, 0x0000015a9752e060, 0x0000015a9752e6f0, 0x0000015a961d78e0,
0x0000015a97562d10, 0x0000015a97566eb0, 0x0000015a97563a30, 0x0000015a97564750,
0x0000015a97567540, 0x0000015a975640c0, 0x0000015a97567bd0, 0x0000015a9756a330,
0x0000015a97569610, 0x0000015a97568f80, 0x0000015a97569ca0, 0x0000015a97a226f0,
0x0000015a97a22d80, 0x0000015a97a23410, 0x0000015a97a22060, 0x0000015a97a24130,
0x0000015a97a254e0, 0x0000015a97a247c0
}

Java Threads: ( => current thread )
  0x0000015a3870a300 JavaThread "main"                              [_thread_blocked, id=10168, stack(0x0000005149700000,0x0000005149800000) (1024K)]
  0x0000015a385fbb20 JavaThread "Reference Handler"          daemon [_thread_blocked, id=12376, stack(0x0000005149b00000,0x0000005149c00000) (1024K)]
  0x0000015a385fdcd0 JavaThread "Finalizer"                  daemon [_thread_blocked, id=13876, stack(0x0000005149c00000,0x0000005149d00000) (1024K)]
  0x0000015a38600820 JavaThread "Signal Dispatcher"          daemon [_thread_blocked, id=10448, stack(0x0000005149d00000,0x0000005149e00000) (1024K)]
  0x0000015a38601470 JavaThread "Attach Listener"            daemon [_thread_blocked, id=1312, stack(0x0000005149e00000,0x0000005149f00000) (1024K)]
  0x0000015a386020c0 JavaThread "Service Thread"             daemon [_thread_blocked, id=3196, stack(0x0000005149f00000,0x000000514a000000) (1024K)]
  0x0000015a38604c20 JavaThread "Monitor Deflation Thread"   daemon [_thread_blocked, id=5640, stack(0x000000514a000000,0x000000514a100000) (1024K)]
=>0x0000015a38605a50 JavaThread "C2 CompilerThread0"         daemon [_thread_in_native, id=4572, stack(0x000000514a100000,0x000000514a200000) (1024K)]
  0x0000015a38681ab0 JavaThread "C1 CompilerThread0"         daemon [_thread_blocked, id=8944, stack(0x000000514a200000,0x000000514a300000) (1024K)]
  0x0000015a386be400 JavaThread "Common-Cleaner"             daemon [_thread_blocked, id=13600, stack(0x000000514a300000,0x000000514a400000) (1024K)]
  0x0000015a9527dbf0 JavaThread "Notification Thread"        daemon [_thread_blocked, id=14192, stack(0x000000514a400000,0x000000514a500000) (1024K)]
  0x0000015a95beaca0 JavaThread "Active Thread: Equinox Container: 6c2556af-97b2-4222-a4a8-bbfb35027747"        [_thread_blocked, id=1680, stack(0x000000514a900000,0x000000514aa00000) (1024K)]
  0x0000015a95caf3b0 JavaThread "Refresh Thread: Equinox Container: 6c2556af-97b2-4222-a4a8-bbfb35027747" daemon [_thread_blocked, id=15252, stack(0x000000514aa00000,0x000000514ab00000) (1024K)]
  0x0000015a959a69c0 JavaThread "Framework Event Dispatcher: Equinox Container: 6c2556af-97b2-4222-a4a8-bbfb35027747" daemon [_thread_blocked, id=13728, stack(0x000000514a500000,0x000000514a600000) (1024K)]
  0x0000015a959a7a20 JavaThread "Start Level: Equinox Container: 6c2556af-97b2-4222-a4a8-bbfb35027747" daemon [_thread_blocked, id=8920, stack(0x000000514ab00000,0x000000514ac00000) (1024K)]
  0x0000015a962d3340 JavaThread "Bundle File Closer"         daemon [_thread_blocked, id=10352, stack(0x000000514ad00000,0x000000514ae00000) (1024K)]
  0x0000015a95f615c0 JavaThread "SCR Component Actor"        daemon [_thread_blocked, id=7896, stack(0x000000514ac00000,0x000000514ad00000) (1024K)]
  0x0000015a961d6bc0 JavaThread "Worker-JM"                         [_thread_blocked, id=9536, stack(0x000000514af00000,0x000000514b000000) (1024K)]
  0x0000015a961d5ea0 JavaThread "JNA Cleaner"                daemon [_thread_blocked, id=10404, stack(0x000000514b000000,0x000000514b100000) (1024K)]
  0x0000015a961d6530 JavaThread "Worker-0"                          [_thread_blocked, id=3872, stack(0x000000514b100000,0x000000514b200000) (1024K)]
  0x0000015a961d7f70 JavaThread "Worker-1"                          [_thread_blocked, id=13936, stack(0x000000514b300000,0x000000514b400000) (1024K)]
  0x0000015a961d8600 JavaThread "Worker-2"                          [_thread_blocked, id=1848, stack(0x000000514b200000,0x000000514b300000) (1024K)]
  0x0000015a961d5180 JavaThread "Worker-3"                          [_thread_blocked, id=3608, stack(0x000000514b400000,0x000000514b500000) (1024K)]
  0x0000015a961d5810 JavaThread "Java indexing"              daemon [_thread_blocked, id=14760, stack(0x000000514b600000,0x000000514b700000) (1024K)]
  0x0000015a9752f410 JavaThread "Worker-4"                          [_thread_blocked, id=8016, stack(0x000000514b800000,0x000000514b900000) (1024K)]
  0x0000015a9752faa0 JavaThread "Thread-2"                   daemon [_thread_in_native, id=1796, stack(0x000000514b900000,0x000000514ba00000) (1024K)]
  0x0000015a97530130 JavaThread "Thread-3"                   daemon [_thread_in_native, id=14744, stack(0x000000514ba00000,0x000000514bb00000) (1024K)]
  0x0000015a97530e50 JavaThread "Thread-4"                   daemon [_thread_in_native, id=148, stack(0x000000514bb00000,0x000000514bc00000) (1024K)]
  0x0000015a975314e0 JavaThread "Thread-5"                   daemon [_thread_in_native, id=2576, stack(0x000000514bc00000,0x000000514bd00000) (1024K)]
  0x0000015a9752e060 JavaThread "Thread-6"                   daemon [_thread_in_native, id=8632, stack(0x000000514bd00000,0x000000514be00000) (1024K)]
  0x0000015a9752e6f0 JavaThread "pool-2-thread-1"                   [_thread_blocked, id=2240, stack(0x000000514be00000,0x000000514bf00000) (1024K)]
  0x0000015a961d78e0 JavaThread "WorkspaceEventsHandler"            [_thread_blocked, id=2468, stack(0x000000514bf00000,0x000000514c000000) (1024K)]
  0x0000015a97562d10 JavaThread "pool-1-thread-1"                   [_thread_blocked, id=9576, stack(0x000000514c000000,0x000000514c100000) (1024K)]
  0x0000015a97566eb0 JavaThread "LocalFile Deleter"          daemon [_thread_blocked, id=11972, stack(0x000000514c200000,0x000000514c300000) (1024K)]
  0x0000015a97563a30 JavaThread "LocalFile Deleter"          daemon [_thread_blocked, id=14992, stack(0x000000514c300000,0x000000514c400000) (1024K)]
  0x0000015a97564750 JavaThread "LocalFile Deleter"          daemon [_thread_blocked, id=13844, stack(0x000000514c400000,0x000000514c500000) (1024K)]
  0x0000015a97567540 JavaThread "LocalFile Deleter"          daemon [_thread_blocked, id=16100, stack(0x000000514c500000,0x000000514c600000) (1024K)]
  0x0000015a975640c0 JavaThread "Compiler Source File Reader" daemon [_thread_blocked, id=4296, stack(0x000000514c600000,0x000000514c700000) (1024K)]
  0x0000015a97567bd0 JavaThread "Compiler Source File Reader" daemon [_thread_blocked, id=6836, stack(0x000000514c700000,0x000000514c800000) (1024K)]
  0x0000015a9756a330 JavaThread "Worker-5"                          [_thread_blocked, id=9376, stack(0x000000514ce00000,0x000000514cf00000) (1024K)]
  0x0000015a97569610 JavaThread "Worker-6"                          [_thread_blocked, id=9864, stack(0x000000514b700000,0x000000514b800000) (1024K)]
  0x0000015a97568f80 JavaThread "Compiler Processing Task"   daemon [_thread_blocked, id=9424, stack(0x000000514ca00000,0x000000514cb00000) (1024K)]
  0x0000015a97569ca0 JavaThread "Compiler Class File Writer" daemon [_thread_blocked, id=1472, stack(0x000000514cb00000,0x000000514cc00000) (1024K)]
  0x0000015a97a226f0 JavaThread "Compiler Class File Writer" daemon [_thread_blocked, id=8272, stack(0x000000514cc00000,0x000000514cd00000) (1024K)]
  0x0000015a97a22d80 JavaThread "ForkJoinPool.commonPool-worker-1" daemon [_thread_blocked, id=14060, stack(0x000000514c800000,0x000000514c900000) (1024K)]
  0x0000015a97a23410 JavaThread "ForkJoinPool.commonPool-worker-2" daemon [_thread_blocked, id=10336, stack(0x000000514c900000,0x000000514ca00000) (1024K)]
  0x0000015a97a22060 JavaThread "ForkJoinPool.commonPool-worker-3" daemon [_thread_blocked, id=7744, stack(0x000000514cd00000,0x000000514ce00000) (1024K)]
  0x0000015a97a24130 JavaThread "pool-10-thread-1"                  [_thread_blocked, id=4192, stack(0x0000005149500000,0x0000005149600000) (1024K)]
  0x0000015a97a254e0 JavaThread "Framework stop - Equinox Container: 6c2556af-97b2-4222-a4a8-bbfb35027747"        [_thread_blocked, id=5384, stack(0x0000005149600000,0x0000005149700000) (1024K)]
  0x0000015a97a247c0 JavaThread "SCR Component Registry"     daemon [_thread_blocked, id=4864, stack(0x000000514cf00000,0x000000514d000000) (1024K)]
Total: 50

Other Threads:
  0x0000015a385ddd40 VMThread "VM Thread"                           [id=7548, stack(0x0000005149a00000,0x0000005149b00000) (1024K)]
  0x0000015a3859ca00 WatcherThread "VM Periodic Task Thread"        [id=6616, stack(0x0000005149900000,0x0000005149a00000) (1024K)]
  0x0000015a38727ea0 WorkerThread "GC Thread#0"                     [id=8388, stack(0x0000005149800000,0x0000005149900000) (1024K)]
  0x0000015a956c7000 WorkerThread "GC Thread#1"                     [id=5076, stack(0x000000514a600000,0x000000514a700000) (1024K)]
  0x0000015a956865b0 WorkerThread "GC Thread#2"                     [id=7988, stack(0x000000514a700000,0x000000514a800000) (1024K)]
  0x0000015a95b7e8b0 WorkerThread "GC Thread#3"                     [id=10380, stack(0x000000514a800000,0x000000514a900000) (1024K)]
Total: 6

Threads with active compile tasks:
C2 CompilerThread0  114863 13032       4       org.eclipse.osgi.internal.serviceregistry.ServiceRegistry::notifyHooksPrivileged (57 bytes)
Total: 1

VM state: at safepoint (normal execution)

VM Mutex/Monitor currently owned by a thread:  ([mutex/lock_event])
[0x00007ff83a165458] Threads_lock - owner thread: 0x0000015a385ddd40
[0x00007ff83a165558] Heap_lock - owner thread: 0x0000015a961d5810
[0x00007ff83a1659d8] PSOldGenExpand_lock - owner thread: 0x0000015a956865b0

Heap address: 0x0000000080000000, size: 2048 MB, Compressed Oops mode: 32-bit

CDS archive(s) mapped at: [0x0000015a4f000000-0x0000015a4fba0000-0x0000015a4fba0000), size 12189696, SharedBaseAddress: 0x0000015a4f000000, ArchiveRelocationMode: 1.
Compressed class space mapped at: 0x0000015a50000000-0x0000015a90000000, reserved size: 1073741824
Narrow klass base: 0x0000015a4f000000, Narrow klass shift: 0, Narrow klass range: 0x100000000

GC Precious Log:
 CardTable entry size: 512
 CPUs: 4 total, 4 available
 Memory: 8051M
 Large Page Support: Disabled
 NUMA Support: Disabled
 Compressed Oops: Enabled (32-bit)
 Alignments: Space 512K, Generation 512K, Heap 2M
 Heap Min Capacity: 100M
 Heap Initial Capacity: 100M
 Heap Max Capacity: 2G
 Pre-touch: Disabled
 Parallel Workers: 4

Heap:
 PSYoungGen      total 2560K, used 2495K [0x00000000d5580000, 0x00000000d5900000, 0x0000000100000000)
  eden space 2048K, 97% used [0x00000000d5580000,0x00000000d57746a8,0x00000000d5780000)
  from space 512K, 96% used [0x00000000d5880000,0x00000000d58fb800,0x00000000d5900000)
  to   space 512K, 95% used [0x00000000d5800000,0x00000000d587ac00,0x00000000d5880000)
 ParOldGen       total 491008K, used 491001K [0x0000000080000000, 0x000000009df80000, 0x00000000d5580000)
  object space 491008K, 99% used [0x0000000080000000,0x000000009df7e658,0x000000009df80000)
 Metaspace       used 70482K, committed 72064K, reserved 1114112K
  class space    used 7564K, committed 8256K, reserved 1048576K

Card table byte_map: [0x0000015a380b0000,0x0000015a384c0000] _byte_map_base: 0x0000015a37cb0000

Marking Bits: (ParMarkBitMap*) 0x00007ff83a16a340
 Begin Bits: [0x0000015a4abb0000, 0x0000015a4cbb0000)
 End Bits:   [0x0000015a4cbb0000, 0x0000015a4ebb0000)

Polling page: 0x0000015a362a0000

Metaspace:

Usage:
  Non-class:     61.44 MB used.
      Class:      7.39 MB used.
       Both:     68.83 MB used.

Virtual space:
  Non-class space:       64.00 MB reserved,      62.31 MB ( 97%) committed,  1 nodes.
      Class space:        1.00 GB reserved,       8.06 MB ( <1%) committed,  1 nodes.
             Both:        1.06 GB reserved,      70.38 MB (  6%) committed. 

Chunk freelists:
   Non-Class:  960.00 KB
       Class:  7.97 MB
        Both:  8.91 MB

MaxMetaspaceSize: unlimited
CompressedClassSpaceSize: 1.00 GB
Initial GC threshold: 21.00 MB
Current GC threshold: 97.31 MB
CDS: on
 - commit_granule_bytes: 65536.
 - commit_granule_words: 8192.
 - virtual_space_node_default_size: 8388608.
 - enlarge_chunks_in_place: 1.
 - use_allocation_guard: 0.


Internal statistics:

num_allocs_failed_limit: 9.
num_arena_births: 1304.
num_arena_deaths: 18.
num_vsnodes_births: 2.
num_vsnodes_deaths: 0.
num_space_committed: 1126.
num_space_uncommitted: 0.
num_chunks_returned_to_freelist: 27.
num_chunks_taken_from_freelist: 4523.
num_chunk_merges: 14.
num_chunk_splits: 2714.
num_chunks_enlarged: 1485.
num_inconsistent_stats: 0.

CodeHeap 'non-profiled nmethods': size=120000Kb used=9617Kb max_used=9617Kb free=110382Kb
 bounds [0x0000015a433d0000, 0x0000015a43d40000, 0x0000015a4a900000]
CodeHeap 'profiled nmethods': size=120000Kb used=27287Kb max_used=27287Kb free=92712Kb
 bounds [0x0000015a3b900000, 0x0000015a3d3b0000, 0x0000015a42e30000]
CodeHeap 'non-nmethods': size=5760Kb used=1468Kb max_used=1558Kb free=4291Kb
 bounds [0x0000015a42e30000, 0x0000015a430a0000, 0x0000015a433d0000]
CodeCache: size=245760Kb, used=38372Kb, max_used=38462Kb, free=207385Kb
 total_blobs=12987, nmethods=12202, adapters=690, full_count=0
Compilation: enabled, stopped_count=0, restarted_count=0

Compilation events (20 events):
Event: 113.652 Thread 0x0000015a38681ab0 nmethod 13023 0x0000015a43d33d90 code [0x0000015a43d33f20, 0x0000015a43d33fe8]
Event: 113.778 Thread 0x0000015a38681ab0 13024   !   3       org.eclipse.osgi.internal.framework.EquinoxEventPublisher::publishBundleEventPrivileged (651 bytes)
Event: 113.778 Thread 0x0000015a38605a50 13025       4       org.eclipse.osgi.framework.eventmgr.CopyOnWriteIdentityMap$Snapshot$SnapshotIterator::hasNext (15 bytes)
Event: 113.779 Thread 0x0000015a38605a50 nmethod 13025 0x0000015a43d34090 code [0x0000015a43d34220, 0x0000015a43d342b8]
Event: 113.779 Thread 0x0000015a38605a50 13026       4       org.eclipse.osgi.framework.eventmgr.CopyOnWriteIdentityMap$Snapshot$SnapshotIterator::nextEntry (58 bytes)
Event: 113.780 Thread 0x0000015a38605a50 nmethod 13026 0x0000015a43d34390 code [0x0000015a43d34520, 0x0000015a43d34650]
Event: 113.784 Thread 0x0000015a38681ab0 nmethod 13024 0x0000015a3d398310 code [0x0000015a3d398b80, 0x0000015a3d39e8b0]
Event: 113.784 Thread 0x0000015a38681ab0 13027       2       org.eclipse.osgi.framework.eventmgr.CopyOnWriteIdentityMap$Snapshot$EntryIterator::next (5 bytes)
Event: 113.784 Thread 0x0000015a38681ab0 nmethod 13027 0x0000015a3d3a0a10 code [0x0000015a3d3a0bc0, 0x0000015a3d3a0ce0]
Event: 113.837 Thread 0x0000015a38681ab0 13028       3       com.sun.org.apache.xml.internal.serializer.WriterToUTF8Buffered::write (296 bytes)
Event: 113.838 Thread 0x0000015a38681ab0 nmethod 13028 0x0000015a3d3a0d90 code [0x0000015a3d3a0fa0, 0x0000015a3d3a15d8]
Event: 113.891 Thread 0x0000015a38681ab0 13029   !   3       java.lang.StringLatin1::replace (291 bytes)
Event: 113.893 Thread 0x0000015a38681ab0 nmethod 13029 0x0000015a3d3a1890 code [0x0000015a3d3a1bc0, 0x0000015a3d3a2d10]
Event: 113.959 Thread 0x0000015a38681ab0 13030   !   3       org.eclipse.osgi.internal.framework.BundleContextImpl::getServicesInUseMap (17 bytes)
Event: 113.960 Thread 0x0000015a38681ab0 nmethod 13030 0x0000015a3d3a3690 code [0x0000015a3d3a3840, 0x0000015a3d3a3a40]
Event: 113.992 Thread 0x0000015a38681ab0 13031       3       java.lang.invoke.MethodHandles::insertArguments (98 bytes)
Event: 113.994 Thread 0x0000015a38681ab0 nmethod 13031 0x0000015a3d3a3b10 code [0x0000015a3d3a3da0, 0x0000015a3d3a4888]
Event: 114.050 Thread 0x0000015a38605a50 13032       4       org.eclipse.osgi.internal.serviceregistry.ServiceRegistry::notifyHooksPrivileged (57 bytes)
Event: 114.260 Thread 0x0000015a38681ab0 13033       3       org.apache.felix.scr.impl.Activator::debug (78 bytes)
Event: 114.261 Thread 0x0000015a38681ab0 nmethod 13033 0x0000015a3d3a4d90 code [0x0000015a3d3a5040, 0x0000015a3d3a5ae0]

GC Heap History (20 events):
Event: 73.141 GC heap before
{Heap before GC invocations=662 (full 3):
 PSYoungGen      total 1536K, used 1512K [0x00000000d5580000, 0x00000000d5c80000, 0x0000000100000000)
  eden space 512K, 99% used [0x00000000d5580000,0x00000000d55fff98,0x00000000d5600000)
  from space 1024K, 97% used [0x00000000d5880000,0x00000000d597a420,0x00000000d5980000)
  to   space 2560K, 0% used [0x00000000d5600000,0x00000000d5600000,0x00000000d5880000)
 ParOldGen       total 485376K, used 485074K [0x0000000080000000, 0x000000009da00000, 0x00000000d5580000)
  object space 485376K, 99% used [0x0000000080000000,0x000000009d9b4bd8,0x000000009da00000)
 Metaspace       used 69892K, committed 71552K, reserved 1114112K
  class space    used 7491K, committed 8192K, reserved 1048576K
}
Event: 73.145 GC heap after
{Heap after GC invocations=662 (full 3):
 PSYoungGen      total 1024K, used 512K [0x00000000d5580000, 0x00000000d5900000, 0x0000000100000000)
  eden space 512K, 0% used [0x00000000d5580000,0x00000000d5580000,0x00000000d5600000)
  from space 512K, 100% used [0x00000000d5600000,0x00000000d5680000,0x00000000d5680000)
  to   space 1024K, 0% used [0x00000000d5800000,0x00000000d5800000,0x00000000d5900000)
 ParOldGen       total 486400K, used 486097K [0x0000000080000000, 0x000000009db00000, 0x00000000d5580000)
  object space 486400K, 99% used [0x0000000080000000,0x000000009dab44c8,0x000000009db00000)
 Metaspace       used 69892K, committed 71552K, reserved 1114112K
  class space    used 7491K, committed 8192K, reserved 1048576K
}
Event: 73.149 GC heap before
{Heap before GC invocations=663 (full 3):
 PSYoungGen      total 1024K, used 1024K [0x00000000d5580000, 0x00000000d5900000, 0x0000000100000000)
  eden space 512K, 100% used [0x00000000d5580000,0x00000000d5600000,0x00000000d5600000)
  from space 512K, 100% used [0x00000000d5600000,0x00000000d5680000,0x00000000d5680000)
  to   space 1024K, 0% used [0x00000000d5800000,0x00000000d5800000,0x00000000d5900000)
 ParOldGen       total 486400K, used 486097K [0x0000000080000000, 0x000000009db00000, 0x00000000d5580000)
  object space 486400K, 99% used [0x0000000080000000,0x000000009dab44c8,0x000000009db00000)
 Metaspace       used 69892K, committed 71552K, reserved 1114112K
  class space    used 7491K, committed 8192K, reserved 1048576K
}
Event: 73.153 GC heap after
{Heap after GC invocations=663 (full 3):
 PSYoungGen      total 1536K, used 480K [0x00000000d5580000, 0x00000000d5880000, 0x0000000100000000)
  eden space 1024K, 0% used [0x00000000d5580000,0x00000000d5580000,0x00000000d5680000)
  from space 512K, 93% used [0x00000000d5800000,0x00000000d5878000,0x00000000d5880000)
  to   space 1024K, 0% used [0x00000000d5680000,0x00000000d5680000,0x00000000d5780000)
 ParOldGen       total 486912K, used 486553K [0x0000000080000000, 0x000000009db80000, 0x00000000d5580000)
  object space 486912K, 99% used [0x0000000080000000,0x000000009db264c8,0x000000009db80000)
 Metaspace       used 69892K, committed 71552K, reserved 1114112K
  class space    used 7491K, committed 8192K, reserved 1048576K
}
Event: 73.162 GC heap before
{Heap before GC invocations=664 (full 3):
 PSYoungGen      total 1536K, used 1504K [0x00000000d5580000, 0x00000000d5880000, 0x0000000100000000)
  eden space 1024K, 100% used [0x00000000d5580000,0x00000000d5680000,0x00000000d5680000)
  from space 512K, 93% used [0x00000000d5800000,0x00000000d5878000,0x00000000d5880000)
  to   space 1024K, 0% used [0x00000000d5680000,0x00000000d5680000,0x00000000d5780000)
 ParOldGen       total 486912K, used 486553K [0x0000000080000000, 0x000000009db80000, 0x00000000d5580000)
  object space 486912K, 99% used [0x0000000080000000,0x000000009db264c8,0x000000009db80000)
 Metaspace       used 69918K, committed 71552K, reserved 1114112K
  class space    used 7495K, committed 8192K, reserved 1048576K
}
Event: 73.165 GC heap after
{Heap after GC invocations=664 (full 3):
 PSYoungGen      total 2048K, used 832K [0x00000000d5580000, 0x00000000d5900000, 0x0000000100000000)
  eden space 1024K, 0% used [0x00000000d5580000,0x00000000d5580000,0x00000000d5680000)
  from space 1024K, 81% used [0x00000000d5680000,0x00000000d5750000,0x00000000d5780000)
  to   space 1024K, 0% used [0x00000000d5800000,0x00000000d5800000,0x00000000d5900000)
 ParOldGen       total 487424K, used 487017K [0x0000000080000000, 0x000000009dc00000, 0x00000000d5580000)
  object space 487424K, 99% used [0x0000000080000000,0x000000009db9a4c8,0x000000009dc00000)
 Metaspace       used 69918K, committed 71552K, reserved 1114112K
  class space    used 7495K, committed 8192K, reserved 1048576K
}
Event: 73.173 GC heap before
{Heap before GC invocations=665 (full 3):
 PSYoungGen      total 2048K, used 1856K [0x00000000d5580000, 0x00000000d5900000, 0x0000000100000000)
  eden space 1024K, 100% used [0x00000000d5580000,0x00000000d5680000,0x00000000d5680000)
  from space 1024K, 81% used [0x00000000d5680000,0x00000000d5750000,0x00000000d5780000)
  to   space 1024K, 0% used [0x00000000d5800000,0x00000000d5800000,0x00000000d5900000)
 ParOldGen       total 487424K, used 487017K [0x0000000080000000, 0x000000009dc00000, 0x00000000d5580000)
  object space 487424K, 99% used [0x0000000080000000,0x000000009db9a4c8,0x000000009dc00000)
 Metaspace       used 69930K, committed 71552K, reserved 1114112K
  class space    used 7497K, committed 8192K, reserved 1048576K
}
Event: 73.178 GC heap after
{Heap after GC invocations=665 (full 3):
 PSYoungGen      total 2560K, used 880K [0x00000000d5580000, 0x00000000d5900000, 0x0000000100000000)
  eden space 1536K, 0% used [0x00000000d5580000,0x00000000d5580000,0x00000000d5700000)
  from space 1024K, 85% used [0x00000000d5800000,0x00000000d58dc010,0x00000000d5900000)
  to   space 1024K, 0% used [0x00000000d5700000,0x00000000d5700000,0x00000000d5800000)
 ParOldGen       total 487936K, used 487809K [0x0000000080000000, 0x000000009dc80000, 0x00000000d5580000)
  object space 487936K, 99% used [0x0000000080000000,0x000000009dc604c8,0x000000009dc80000)
 Metaspace       used 69930K, committed 71552K, reserved 1114112K
  class space    used 7497K, committed 8192K, reserved 1048576K
}
Event: 73.202 GC heap before
{Heap before GC invocations=666 (full 3):
 PSYoungGen      total 2560K, used 2415K [0x00000000d5580000, 0x00000000d5900000, 0x0000000100000000)
  eden space 1536K, 99% used [0x00000000d5580000,0x00000000d56fffc8,0x00000000d5700000)
  from space 1024K, 85% used [0x00000000d5800000,0x00000000d58dc010,0x00000000d5900000)
  to   space 1024K, 0% used [0x00000000d5700000,0x00000000d5700000,0x00000000d5800000)
 ParOldGen       total 487936K, used 487809K [0x0000000080000000, 0x000000009dc80000, 0x00000000d5580000)
  object space 487936K, 99% used [0x0000000080000000,0x000000009dc604c8,0x000000009dc80000)
 Metaspace       used 69994K, committed 71616K, reserved 1114112K
  class space    used 7502K, committed 8192K, reserved 1048576K
}
Event: 73.207 GC heap after
{Heap after GC invocations=666 (full 3):
 PSYoungGen      total 2560K, used 776K [0x00000000d5580000, 0x00000000d5980000, 0x0000000100000000)
  eden space 1536K, 0% used [0x00000000d5580000,0x00000000d5580000,0x00000000d5700000)
  from space 1024K, 75% used [0x00000000d5700000,0x00000000d57c21e0,0x00000000d5800000)
  to   space 1024K, 0% used [0x00000000d5880000,0x00000000d5880000,0x00000000d5980000)
 ParOldGen       total 488960K, used 488609K [0x0000000080000000, 0x000000009dd80000, 0x00000000d5580000)
  object space 488960K, 99% used [0x0000000080000000,0x000000009dd284c8,0x000000009dd80000)
 Metaspace       used 69994K, committed 71616K, reserved 1114112K
  class space    used 7502K, committed 8192K, reserved 1048576K
}
Event: 73.310 GC heap before
{Heap before GC invocations=667 (full 3):
 PSYoungGen      total 2560K, used 2306K [0x00000000d5580000, 0x00000000d5980000, 0x0000000100000000)
  eden space 1536K, 99% used [0x00000000d5580000,0x00000000d56fe660,0x00000000d5700000)
  from space 1024K, 75% used [0x00000000d5700000,0x00000000d57c21e0,0x00000000d5800000)
  to   space 1024K, 0% used [0x00000000d5880000,0x00000000d5880000,0x00000000d5980000)
 ParOldGen       total 488960K, used 488609K [0x0000000080000000, 0x000000009dd80000, 0x00000000d5580000)
  object space 488960K, 99% used [0x0000000080000000,0x000000009dd284c8,0x000000009dd80000)
 Metaspace       used 70149K, committed 71808K, reserved 1114112K
  class space    used 7526K, committed 8256K, reserved 1048576K
}
Event: 73.313 GC heap after
{Heap after GC invocations=667 (full 3):
 PSYoungGen      total 2560K, used 128K [0x00000000d5580000, 0x00000000d5900000, 0x0000000100000000)
  eden space 2048K, 0% used [0x00000000d5580000,0x00000000d5580000,0x00000000d5780000)
  from space 512K, 25% used [0x00000000d5880000,0x00000000d58a0000,0x00000000d5900000)
  to   space 512K, 0% used [0x00000000d5800000,0x00000000d5800000,0x00000000d5880000)
 ParOldGen       total 489472K, used 489263K [0x0000000080000000, 0x000000009de00000, 0x00000000d5580000)
  object space 489472K, 99% used [0x0000000080000000,0x000000009ddcbe48,0x000000009de00000)
 Metaspace       used 70149K, committed 71808K, reserved 1114112K
  class space    used 7526K, committed 8256K, reserved 1048576K
}
Event: 73.747 GC heap before
{Heap before GC invocations=668 (full 3):
 PSYoungGen      total 2560K, used 2014K [0x00000000d5580000, 0x00000000d5900000, 0x0000000100000000)
  eden space 2048K, 92% used [0x00000000d5580000,0x00000000d5757ae0,0x00000000d5780000)
  from space 512K, 25% used [0x00000000d5880000,0x00000000d58a0000,0x00000000d5900000)
  to   space 512K, 0% used [0x00000000d5800000,0x00000000d5800000,0x00000000d5880000)
 ParOldGen       total 489472K, used 489263K [0x0000000080000000, 0x000000009de00000, 0x00000000d5580000)
  object space 489472K, 99% used [0x0000000080000000,0x000000009ddcbe48,0x000000009de00000)
 Metaspace       used 70324K, committed 72000K, reserved 1114112K
  class space    used 7547K, committed 8256K, reserved 1048576K
}
Event: 73.749 GC heap after
{Heap after GC invocations=668 (full 3):
 PSYoungGen      total 2560K, used 128K [0x00000000d5580000, 0x00000000d5900000, 0x0000000100000000)
  eden space 2048K, 0% used [0x00000000d5580000,0x00000000d5580000,0x00000000d5780000)
  from space 512K, 25% used [0x00000000d5800000,0x00000000d5820000,0x00000000d5880000)
  to   space 512K, 0% used [0x00000000d5880000,0x00000000d5880000,0x00000000d5900000)
 ParOldGen       total 489472K, used 489327K [0x0000000080000000, 0x000000009de00000, 0x00000000d5580000)
  object space 489472K, 99% used [0x0000000080000000,0x000000009dddbe48,0x000000009de00000)
 Metaspace       used 70324K, committed 72000K, reserved 1114112K
  class space    used 7547K, committed 8256K, reserved 1048576K
}
Event: 112.594 GC heap before
{Heap before GC invocations=669 (full 3):
 PSYoungGen      total 2560K, used 2176K [0x00000000d5580000, 0x00000000d5900000, 0x0000000100000000)
  eden space 2048K, 100% used [0x00000000d5580000,0x00000000d5780000,0x00000000d5780000)
  from space 512K, 25% used [0x00000000d5800000,0x00000000d5820000,0x00000000d5880000)
  to   space 512K, 0% used [0x00000000d5880000,0x00000000d5880000,0x00000000d5900000)
 ParOldGen       total 489472K, used 489327K [0x0000000080000000, 0x000000009de00000, 0x00000000d5580000)
  object space 489472K, 99% used [0x0000000080000000,0x000000009dddbe48,0x000000009de00000)
 Metaspace       used 70369K, committed 72064K, reserved 1114112K
  class space    used 7548K, committed 8256K, reserved 1048576K
}
Event: 112.600 GC heap after
{Heap after GC invocations=669 (full 3):
 PSYoungGen      total 2560K, used 96K [0x00000000d5580000, 0x00000000d5900000, 0x0000000100000000)
  eden space 2048K, 0% used [0x00000000d5580000,0x00000000d5580000,0x00000000d5780000)
  from space 512K, 18% used [0x00000000d5880000,0x00000000d5898000,0x00000000d5900000)
  to   space 512K, 0% used [0x00000000d5800000,0x00000000d5800000,0x00000000d5880000)
 ParOldGen       total 489472K, used 489415K [0x0000000080000000, 0x000000009de00000, 0x00000000d5580000)
  object space 489472K, 99% used [0x0000000080000000,0x000000009ddf1e48,0x000000009de00000)
 Metaspace       used 70369K, committed 72064K, reserved 1114112K
  class space    used 7548K, committed 8256K, reserved 1048576K
}
Event: 114.340 GC heap before
{Heap before GC invocations=670 (full 3):
 PSYoungGen      total 2560K, used 2085K [0x00000000d5580000, 0x00000000d5900000, 0x0000000100000000)
  eden space 2048K, 97% used [0x00000000d5580000,0x00000000d57714a0,0x00000000d5780000)
  from space 512K, 18% used [0x00000000d5880000,0x00000000d5898000,0x00000000d5900000)
  to   space 512K, 0% used [0x00000000d5800000,0x00000000d5800000,0x00000000d5880000)
 ParOldGen       total 489472K, used 489415K [0x0000000080000000, 0x000000009de00000, 0x00000000d5580000)
  object space 489472K, 99% used [0x0000000080000000,0x000000009ddf1e48,0x000000009de00000)
 Metaspace       used 70482K, committed 72064K, reserved 1114112K
  class space    used 7564K, committed 8256K, reserved 1048576K
}
Event: 114.345 GC heap after
{Heap after GC invocations=670 (full 3):
 PSYoungGen      total 2560K, used 283K [0x00000000d5580000, 0x00000000d5900000, 0x0000000100000000)
  eden space 2048K, 0% used [0x00000000d5580000,0x00000000d5580000,0x00000000d5780000)
  from space 512K, 55% used [0x00000000d5800000,0x00000000d5846e00,0x00000000d5880000)
  to   space 512K, 0% used [0x00000000d5880000,0x00000000d5880000,0x00000000d5900000)
 ParOldGen       total 489472K, used 489439K [0x0000000080000000, 0x000000009de00000, 0x00000000d5580000)
  object space 489472K, 99% used [0x0000000080000000,0x000000009ddf7e48,0x000000009de00000)
 Metaspace       used 70482K, committed 72064K, reserved 1114112K
  class space    used 7564K, committed 8256K, reserved 1048576K
}
Event: 114.368 GC heap before
{Heap before GC invocations=671 (full 3):
 PSYoungGen      total 2560K, used 1865K [0x00000000d5580000, 0x00000000d5900000, 0x0000000100000000)
  eden space 2048K, 77% used [0x00000000d5580000,0x00000000d570b7b8,0x00000000d5780000)
  from space 512K, 55% used [0x00000000d5800000,0x00000000d5846e00,0x00000000d5880000)
  to   space 512K, 0% used [0x00000000d5880000,0x00000000d5880000,0x00000000d5900000)
 ParOldGen       total 489472K, used 489439K [0x0000000080000000, 0x000000009de00000, 0x00000000d5580000)
  object space 489472K, 99% used [0x0000000080000000,0x000000009ddf7e48,0x000000009de00000)
 Metaspace       used 70482K, committed 72064K, reserved 1114112K
  class space    used 7564K, committed 8256K, reserved 1048576K
}
Event: 114.649 GC heap after
{Heap after GC invocations=671 (full 3):
 PSYoungGen      total 2560K, used 494K [0x00000000d5580000, 0x00000000d5900000, 0x0000000100000000)
  eden space 2048K, 0% used [0x00000000d5580000,0x00000000d5580000,0x00000000d5780000)
  from space 512K, 96% used [0x00000000d5880000,0x00000000d58fb800,0x00000000d5900000)
  to   space 512K, 0% used [0x00000000d5800000,0x00000000d5800000,0x00000000d5880000)
 ParOldGen       total 490496K, used 490325K [0x0000000080000000, 0x000000009df00000, 0x00000000d5580000)
  object space 490496K, 99% used [0x0000000080000000,0x000000009ded5658,0x000000009df00000)
 Metaspace       used 70482K, committed 72064K, reserved 1114112K
  class space    used 7564K, committed 8256K, reserved 1048576K
}

Dll operation events (12 events):
Event: 0.047 Loaded shared library c:\Users\Ananna\.vscode\extensions\redhat.java-1.44.0-win32-x64\jre\21.0.8-win32-x86_64\bin\java.dll
Event: 0.310 Loaded shared library c:\Users\Ananna\.vscode\extensions\redhat.java-1.44.0-win32-x64\jre\21.0.8-win32-x86_64\bin\zip.dll
Event: 0.383 Loaded shared library C:\Users\Ananna\.vscode\extensions\redhat.java-1.44.0-win32-x64\jre\21.0.8-win32-x86_64\bin\instrument.dll
Event: 0.468 Loaded shared library C:\Users\Ananna\.vscode\extensions\redhat.java-1.44.0-win32-x64\jre\21.0.8-win32-x86_64\bin\net.dll
Event: 0.473 Loaded shared library C:\Users\Ananna\.vscode\extensions\redhat.java-1.44.0-win32-x64\jre\21.0.8-win32-x86_64\bin\nio.dll
Event: 0.480 Loaded shared library C:\Users\Ananna\.vscode\extensions\redhat.java-1.44.0-win32-x64\jre\21.0.8-win32-x86_64\bin\zip.dll
Event: 0.700 Loaded shared library C:\Users\Ananna\.vscode\extensions\redhat.java-1.44.0-win32-x64\jre\21.0.8-win32-x86_64\bin\jimage.dll
Event: 0.997 Loaded shared library c:\Users\Ananna\.vscode\extensions\redhat.java-1.44.0-win32-x64\jre\21.0.8-win32-x86_64\bin\verify.dll
Event: 5.546 Loaded shared library C:\Users\Ananna\AppData\Roaming\Code\User\globalStorage\redhat.java\1.44.0\config_win\org.eclipse.equinox.launcher\org.eclipse.equinox.launcher.win32.win32.x86_64_1.2.1400.v20250730-1736\eclipse_11913.dll
Event: 22.369 Loaded shared library C:\Users\Ananna\AppData\Local\Temp\jna-1965481069\jna1629321708142204513.dll
Event: 32.331 Loaded shared library C:\Users\Ananna\.vscode\extensions\redhat.java-1.44.0-win32-x64\jre\21.0.8-win32-x86_64\bin\sunmscapi.dll
Event: 34.879 Loaded shared library C:\Users\Ananna\.vscode\extensions\redhat.java-1.44.0-win32-x64\jre\21.0.8-win32-x86_64\bin\extnet.dll

Deoptimization events (20 events):
Event: 112.994 Thread 0x0000015a97a254e0 Uncommon trap: trap_request=0xfffffff4 fr.pc=0x0000015a4362d21c relative=0x00000000000012fc
Event: 112.994 Thread 0x0000015a97a254e0 Uncommon trap: reason=null_check action=make_not_entrant pc=0x0000015a4362d21c method=org.apache.aries.spifly.BaseActivator.getWeavingData(Lorg/osgi/framework/Bundle;)Ljava/util/Set; @ 10 c2
Event: 112.994 Thread 0x0000015a97a254e0 DEOPT PACKING pc=0x0000015a4362d21c sp=0x00000051496fd2d0
Event: 112.994 Thread 0x0000015a97a254e0 DEOPT UNPACKING pc=0x0000015a42e83aa2 sp=0x00000051496fd0a8 mode 2
Event: 113.054 Thread 0x0000015a97a254e0 Uncommon trap: trap_request=0xffffffde fr.pc=0x0000015a4349a7b4 relative=0x0000000000000274
Event: 113.054 Thread 0x0000015a97a254e0 Uncommon trap: reason=class_check action=maybe_recompile pc=0x0000015a4349a7b4 method=java.util.Comparator.lambda$comparing$77a9974f$1(Ljava/util/function/Function;Ljava/lang/Object;Ljava/lang/Object;)I @ 7 c2
Event: 113.054 Thread 0x0000015a97a254e0 DEOPT PACKING pc=0x0000015a4349a7b4 sp=0x00000051496fcdd0
Event: 113.054 Thread 0x0000015a97a254e0 DEOPT UNPACKING pc=0x0000015a42e83aa2 sp=0x00000051496fcd00 mode 2
Event: 113.054 Thread 0x0000015a97a254e0 Uncommon trap: trap_request=0xffffffde fr.pc=0x0000015a4349a7b4 relative=0x0000000000000274
Event: 113.054 Thread 0x0000015a97a254e0 Uncommon trap: reason=class_check action=maybe_recompile pc=0x0000015a4349a7b4 method=java.util.Comparator.lambda$comparing$77a9974f$1(Ljava/util/function/Function;Ljava/lang/Object;Ljava/lang/Object;)I @ 7 c2
Event: 113.062 Thread 0x0000015a97a254e0 DEOPT PACKING pc=0x0000015a4349a7b4 sp=0x00000051496fcdd0
Event: 113.062 Thread 0x0000015a97a254e0 DEOPT UNPACKING pc=0x0000015a42e83aa2 sp=0x00000051496fcd00 mode 2
Event: 113.062 Thread 0x0000015a97a254e0 Uncommon trap: trap_request=0xffffffde fr.pc=0x0000015a4349a7b4 relative=0x0000000000000274
Event: 113.062 Thread 0x0000015a97a254e0 Uncommon trap: reason=class_check action=maybe_recompile pc=0x0000015a4349a7b4 method=java.util.Comparator.lambda$comparing$77a9974f$1(Ljava/util/function/Function;Ljava/lang/Object;Ljava/lang/Object;)I @ 7 c2
Event: 113.062 Thread 0x0000015a97a254e0 DEOPT PACKING pc=0x0000015a4349a7b4 sp=0x00000051496fcd40
Event: 113.062 Thread 0x0000015a97a254e0 DEOPT UNPACKING pc=0x0000015a42e83aa2 sp=0x00000051496fcc70 mode 2
Event: 113.651 Thread 0x0000015a97a254e0 Uncommon trap: trap_request=0xffffffde fr.pc=0x0000015a438b49c4 relative=0x00000000000004e4
Event: 113.651 Thread 0x0000015a97a254e0 Uncommon trap: reason=class_check action=maybe_recompile pc=0x0000015a438b49c4 method=java.util.HashMap.removeNode(ILjava/lang/Object;Ljava/lang/Object;ZZ)Ljava/util/HashMap$Node; @ 143 c2
Event: 113.651 Thread 0x0000015a97a254e0 DEOPT PACKING pc=0x0000015a438b49c4 sp=0x00000051496fe000
Event: 113.651 Thread 0x0000015a97a254e0 DEOPT UNPACKING pc=0x0000015a42e83aa2 sp=0x00000051496fdf08 mode 2

Classes loaded (20 events):
Event: 73.103 Loading class java/util/concurrent/CompletableFuture$UniCompletion done
Event: 73.103 Loading class java/util/concurrent/CompletableFuture$UniApply done
Event: 73.104 Loading class java/util/concurrent/CompletableFuture$UniAccept
Event: 73.105 Loading class java/util/concurrent/CompletableFuture$UniAccept done
Event: 73.105 Loading class java/util/concurrent/CompletableFuture$UniExceptionally
Event: 73.105 Loading class java/util/concurrent/CompletableFuture$UniExceptionally done
Event: 73.300 Loading class java/util/stream/Nodes$CollectorTask$OfRef
Event: 73.300 Loading class java/util/stream/Nodes$CollectorTask
Event: 73.301 Loading class java/util/stream/Nodes$CollectorTask done
Event: 73.301 Loading class java/util/stream/Nodes$CollectorTask$OfRef done
Event: 73.301 Loading class java/util/function/LongFunction
Event: 73.301 Loading class java/util/function/LongFunction done
Event: 73.302 Loading class java/util/stream/Nodes$ConcNode
Event: 73.302 Loading class java/util/stream/Nodes$AbstractConcNode
Event: 73.303 Loading class java/util/stream/Nodes$AbstractConcNode done
Event: 73.303 Loading class java/util/stream/Nodes$ConcNode done
Event: 112.693 Loading class java/util/concurrent/Executors$DelegatedScheduledExecutorService
Event: 112.711 Loading class java/util/concurrent/Executors$DelegatedExecutorService
Event: 112.712 Loading class java/util/concurrent/Executors$DelegatedExecutorService done
Event: 112.712 Loading class java/util/concurrent/Executors$DelegatedScheduledExecutorService done

Classes unloaded (9 events):
Event: 24.577 Thread 0x0000015a385ddd40 Unloading class 0x0000015a501a4800 'java/lang/invoke/LambdaForm$MH+0x0000015a501a4800'
Event: 24.577 Thread 0x0000015a385ddd40 Unloading class 0x0000015a501a4400 'java/lang/invoke/LambdaForm$MH+0x0000015a501a4400'
Event: 24.577 Thread 0x0000015a385ddd40 Unloading class 0x0000015a501a4000 'java/lang/invoke/LambdaForm$MH+0x0000015a501a4000'
Event: 24.577 Thread 0x0000015a385ddd40 Unloading class 0x0000015a501a3c00 'java/lang/invoke/LambdaForm$MH+0x0000015a501a3c00'
Event: 24.577 Thread 0x0000015a385ddd40 Unloading class 0x0000015a501a3800 'java/lang/invoke/LambdaForm$BMH+0x0000015a501a3800'
Event: 24.577 Thread 0x0000015a385ddd40 Unloading class 0x0000015a501a3400 'java/lang/invoke/LambdaForm$DMH+0x0000015a501a3400'
Event: 24.577 Thread 0x0000015a385ddd40 Unloading class 0x0000015a501a2000 'java/lang/invoke/LambdaForm$DMH+0x0000015a501a2000'
Event: 41.415 Thread 0x0000015a385ddd40 Unloading class 0x0000015a506ec400 'java/lang/invoke/LambdaForm$DMH+0x0000015a506ec400'
Event: 41.415 Thread 0x0000015a385ddd40 Unloading class 0x0000015a506ec800 'java/lang/invoke/LambdaForm$DMH+0x0000015a506ec800'

Classes redefined (0 events):
No events

Internal exceptions (20 events):
Event: 73.195 Thread 0x0000015a97a22d80 Exception <a 'java/io/IOException'{0x00000000d56c0438}> (0x00000000d56c0438) 
thrown [s\src\hotspot\share\prims\jni.cpp, line 520]
Event: 73.196 Thread 0x0000015a97a22d80 Exception <a 'java/io/IOException'{0x00000000d56d3028}> (0x00000000d56d3028) 
thrown [s\src\hotspot\share\prims\jni.cpp, line 520]
Event: 73.211 Thread 0x0000015a97a22060 Exception <a 'java/io/IOException'{0x00000000d5594c00}> (0x00000000d5594c00) 
thrown [s\src\hotspot\share\prims\jni.cpp, line 520]
Event: 73.214 Thread 0x0000015a961d5180 Exception <a 'java/io/IOException'{0x00000000d55bc3e0}> (0x00000000d55bc3e0) 
thrown [s\src\hotspot\share\prims\jni.cpp, line 520]
Event: 73.231 Thread 0x0000015a97a22060 Exception <a 'java/io/IOException'{0x00000000d55bf8f8}> (0x00000000d55bf8f8) 
thrown [s\src\hotspot\share\prims\jni.cpp, line 520]
Event: 73.231 Thread 0x0000015a97a22060 Exception <a 'java/io/IOException'{0x00000000d55dbf68}> (0x00000000d55dbf68) 
thrown [s\src\hotspot\share\prims\jni.cpp, line 520]
Event: 73.237 Thread 0x0000015a961d5180 Exception <a 'java/io/IOException'{0x00000000d55efe00}> (0x00000000d55efe00) 
thrown [s\src\hotspot\share\prims\jni.cpp, line 520]
Event: 73.360 Thread 0x0000015a961d7f70 Exception <a 'java/lang/NoSuchMethodError'{0x00000000d55ee000}: static [J.<clinit>()V> (0x00000000d55ee000) 
thrown [s\src\hotspot\share\prims\jni.cpp, line 1111]
Event: 73.410 Thread 0x0000015a961d7f70 Exception <a 'java/lang/NoSuchMethodError'{0x00000000d5636328}: 'java.lang.Object java.lang.invoke.DirectMethodHandle$Holder.newInvokeSpecial(java.lang.Object, java.lang.Object, java.lang.Object, java.lang.Object, java.lang.Object, java.lang.Object, java.lang.Object, java.lang.Object, java.lang.Object, java.lang.Object)'> (0x00000000d5636328) 
thrown [s\src\hotspot\share\interpreter\linkResolver.cpp, line 773]
Event: 73.539 Thread 0x0000015a961d7f70 Exception <a 'sun/nio/fs/WindowsException'{0x00000000d56a85b8}> (0x00000000d56a85b8) 
thrown [s\src\hotspot\share\prims\jni.cpp, line 520]
Event: 73.730 Thread 0x0000015a961d7f70 Exception <a 'java/io/IOException'{0x00000000d56f9060}> (0x00000000d56f9060) 
thrown [s\src\hotspot\share\prims\jni.cpp, line 520]
Event: 73.731 Thread 0x0000015a961d7f70 Exception <a 'java/io/IOException'{0x00000000d56fbfc8}> (0x00000000d56fbfc8) 
thrown [s\src\hotspot\share\prims\jni.cpp, line 520]
Event: 73.737 Thread 0x0000015a961d7f70 Exception <a 'java/io/IOException'{0x00000000d5706450}> (0x00000000d5706450) 
thrown [s\src\hotspot\share\prims\jni.cpp, line 520]
Event: 73.738 Thread 0x0000015a961d7f70 Exception <a 'java/io/IOException'{0x00000000d570a780}> (0x00000000d570a780) 
thrown [s\src\hotspot\share\prims\jni.cpp, line 520]
Event: 73.742 Thread 0x0000015a961d7f70 Exception <a 'java/io/IOException'{0x00000000d5715170}> (0x00000000d5715170) 
thrown [s\src\hotspot\share\prims\jni.cpp, line 520]
Event: 73.767 Thread 0x0000015a961d7f70 Exception <a 'java/io/IOException'{0x00000000d57664e8}> (0x00000000d57664e8) 
thrown [s\src\hotspot\share\prims\jni.cpp, line 520]
Event: 73.768 Thread 0x0000015a961d7f70 Exception <a 'java/io/IOException'{0x00000000d577a2b8}> (0x00000000d577a2b8) 
thrown [s\src\hotspot\share\prims\jni.cpp, line 520]
Event: 113.783 Thread 0x0000015a97a254e0 Exception <a 'sun/nio/fs/WindowsException'{0x00000000d56d7608}> (0x00000000d56d7608) 
thrown [s\src\hotspot\share\prims\jni.cpp, line 520]
Event: 113.783 Thread 0x0000015a97a254e0 Exception <a 'sun/nio/fs/WindowsException'{0x00000000d56d7d38}> (0x00000000d56d7d38) 
thrown [s\src\hotspot\share\prims\jni.cpp, line 520]
Event: 114.329 Thread 0x0000015a961d5810 Exception <a 'sun/nio/fs/WindowsException'{0x00000000d572a918}> (0x00000000d572a918) 
thrown [s\src\hotspot\share\prims\jni.cpp, line 520]

ZGC Phase Switch (0 events):
No events

VM Operations (20 events):
Event: 73.173 Executing VM operation: ParallelGCFailedAllocation (Allocation Failure)
Event: 73.178 Executing VM operation: ParallelGCFailedAllocation (Allocation Failure) done
Event: 73.201 Executing VM operation: ParallelGCFailedAllocation (Allocation Failure)
Event: 73.207 Executing VM operation: ParallelGCFailedAllocation (Allocation Failure) done
Event: 73.310 Executing VM operation: ParallelGCFailedAllocation (Allocation Failure)
Event: 73.313 Executing VM operation: ParallelGCFailedAllocation (Allocation Failure) done
Event: 73.747 Executing VM operation: ParallelGCFailedAllocation (Allocation Failure)
Event: 73.749 Executing VM operation: ParallelGCFailedAllocation (Allocation Failure) done
Event: 74.760 Executing VM operation: Cleanup
Event: 74.760 Executing VM operation: Cleanup done
Event: 112.594 Executing VM operation: ParallelGCFailedAllocation (Allocation Failure)
Event: 112.600 Executing VM operation: ParallelGCFailedAllocation (Allocation Failure) done
Event: 113.600 Executing VM operation: Cleanup
Event: 113.613 Executing VM operation: Cleanup done
Event: 113.743 Executing VM operation: HandshakeAllThreads (Deoptimize)
Event: 113.743 Executing VM operation: HandshakeAllThreads (Deoptimize) done
Event: 114.340 Executing VM operation: ParallelGCFailedAllocation (Allocation Failure)
Event: 114.345 Executing VM operation: ParallelGCFailedAllocation (Allocation Failure) done
Event: 114.368 Executing VM operation: ParallelGCFailedAllocation (Allocation Failure)
Event: 114.649 Executing VM operation: ParallelGCFailedAllocation (Allocation Failure) done

Memory protections (0 events):
No events

Nmethod flushes (20 events):
Event: 41.441 Thread 0x0000015a385ddd40 flushing  nmethod 0x0000015a3c220a90
Event: 41.441 Thread 0x0000015a385ddd40 flushing  nmethod 0x0000015a3c239f90
Event: 41.441 Thread 0x0000015a385ddd40 flushing  nmethod 0x0000015a3c25d910
Event: 41.441 Thread 0x0000015a385ddd40 flushing  nmethod 0x0000015a3c273410
Event: 41.441 Thread 0x0000015a385ddd40 flushing  nmethod 0x0000015a3c274e90
Event: 41.441 Thread 0x0000015a385ddd40 flushing  nmethod 0x0000015a3c275e10
Event: 41.441 Thread 0x0000015a385ddd40 flushing  nmethod 0x0000015a3c278710
Event: 41.441 Thread 0x0000015a385ddd40 flushing  nmethod 0x0000015a3c287090
Event: 41.441 Thread 0x0000015a385ddd40 flushing  nmethod 0x0000015a3c28d390
Event: 41.441 Thread 0x0000015a385ddd40 flushing  nmethod 0x0000015a3c2ae810
Event: 41.441 Thread 0x0000015a385ddd40 flushing  nmethod 0x0000015a3c2d7d90
Event: 41.441 Thread 0x0000015a385ddd40 flushing  nmethod 0x0000015a3c2e6610
Event: 41.441 Thread 0x0000015a385ddd40 flushing  nmethod 0x0000015a3c2ecc10
Event: 41.441 Thread 0x0000015a385ddd40 flushing  nmethod 0x0000015a3c2f0110
Event: 41.441 Thread 0x0000015a385ddd40 flushing  nmethod 0x0000015a3c310990
Event: 41.441 Thread 0x0000015a385ddd40 flushing  nmethod 0x0000015a3c312210
Event: 41.441 Thread 0x0000015a385ddd40 flushing  nmethod 0x0000015a3c312a90
Event: 41.441 Thread 0x0000015a385ddd40 flushing  nmethod 0x0000015a3c313090
Event: 41.441 Thread 0x0000015a385ddd40 flushing  nmethod 0x0000015a3c313790
Event: 41.441 Thread 0x0000015a385ddd40 flushing  nmethod 0x0000015a3c316510

Events (20 events):
Event: 66.067 Thread 0x0000015a38605a50 Thread added: 0x0000015a97127de0
Event: 68.481 Thread 0x0000015a97127de0 Thread exited: 0x0000015a97127de0
Event: 71.053 Thread 0x0000015a38681ab0 Thread added: 0x0000015a960e6a80
Event: 71.248 Thread 0x0000015a960e6a80 Thread exited: 0x0000015a960e6a80
Event: 71.504 Thread 0x0000015a38681ab0 Thread added: 0x0000015a99883cf0
Event: 71.956 Thread 0x0000015a99883cf0 Thread exited: 0x0000015a99883cf0
Event: 72.391 Thread 0x0000015a38681ab0 Thread added: 0x0000015a99883cf0
Event: 72.794 Thread 0x0000015a99883cf0 Thread exited: 0x0000015a99883cf0
Event: 73.104 Thread 0x0000015a97562d10 Thread added: 0x0000015a97a22d80
Event: 73.105 Thread 0x0000015a961d5180 Thread added: 0x0000015a97a23410
Event: 73.108 Thread 0x0000015a97a22d80 Thread added: 0x0000015a97a22060
Event: 73.198 Thread 0x0000015a38681ab0 Thread added: 0x0000015a969ab5e0
Event: 73.295 Thread 0x0000015a961d7f70 Thread added: 0x0000015a97a24130
Event: 73.305 Thread 0x0000015a97a24130 Thread exited: 0x0000015a97a24130
Event: 73.423 Thread 0x0000015a961d7f70 Thread added: 0x0000015a97a24e50
Event: 73.528 Thread 0x0000015a97a24e50 Thread exited: 0x0000015a97a24e50
Event: 73.538 Thread 0x0000015a969ab5e0 Thread exited: 0x0000015a969ab5e0
Event: 112.713 Thread 0x0000015a9752e6f0 Thread added: 0x0000015a97a24130
Event: 112.759 Thread 0x0000015a3870a300 Thread added: 0x0000015a97a254e0
Event: 113.001 Thread 0x0000015a97a254e0 Thread added: 0x0000015a97a247c0


Dynamic libraries:
0x00007ff6bc410000 - 0x00007ff6bc41e000 	c:\Users\Ananna\.vscode\extensions\redhat.java-1.44.0-win32-x64\jre\21.0.8-win32-x86_64\bin\java.exe
0x00007ff8cd760000 - 0x00007ff8cd9c8000 	C:\WINDOWS\SYSTEM32\ntdll.dll
0x00007ff8cca00000 - 0x00007ff8ccac9000 	C:\WINDOWS\System32\KERNEL32.DLL
0x00007ff8cafc0000 - 0x00007ff8cb3ad000 	C:\WINDOWS\System32\KERNELBASE.dll
0x00007ff8cada0000 - 0x00007ff8caeeb000 	C:\WINDOWS\System32\ucrtbase.dll
0x00007ff8abdf0000 - 0x00007ff8abe08000 	c:\Users\Ananna\.vscode\extensions\redhat.java-1.44.0-win32-x64\jre\21.0.8-win32-x86_64\bin\jli.dll
0x00007ff8cd060000 - 0x00007ff8cd22c000 	C:\WINDOWS\System32\USER32.dll
0x00007ff8caf90000 - 0x00007ff8cafb7000 	C:\WINDOWS\System32\win32u.dll
0x00007ff8cc6f0000 - 0x00007ff8cc71b000 	C:\WINDOWS\System32\GDI32.dll
0x00007ff8caae0000 - 0x00007ff8cac17000 	C:\WINDOWS\System32\gdi32full.dll
0x00007ff8ca8b0000 - 0x00007ff8ca953000 	C:\WINDOWS\System32\msvcp_win.dll
0x00007ff8b43e0000 - 0x00007ff8b43fe000 	c:\Users\Ananna\.vscode\extensions\redhat.java-1.44.0-win32-x64\jre\21.0.8-win32-x86_64\bin\VCRUNTIME140.dll
0x00007ff8b73d0000 - 0x00007ff8b766a000 	C:\WINDOWS\WinSxS\amd64_microsoft.windows.common-controls_6595b64144ccf1df_6.0.26100.4484_none_3e0e6d4ce32ef3b3\COMCTL32.dll
0x00007ff8cb720000 - 0x00007ff8cb7c9000 	C:\WINDOWS\System32\msvcrt.dll
0x00007ff8cc6b0000 - 0x00007ff8cc6df000 	C:\WINDOWS\System32\IMM32.DLL
0x00007ff8bc610000 - 0x00007ff8bc61c000 	c:\Users\Ananna\.vscode\extensions\redhat.java-1.44.0-win32-x64\jre\21.0.8-win32-x86_64\bin\vcruntime140_1.dll
0x00007ff871a10000 - 0x00007ff871a9d000 	c:\Users\Ananna\.vscode\extensions\redhat.java-1.44.0-win32-x64\jre\21.0.8-win32-x86_64\bin\msvcp140.dll
0x00007ff8394b0000 - 0x00007ff83a247000 	c:\Users\Ananna\.vscode\extensions\redhat.java-1.44.0-win32-x64\jre\21.0.8-win32-x86_64\bin\server\jvm.dll
0x00007ff8cbad0000 - 0x00007ff8cbb84000 	C:\WINDOWS\System32\ADVAPI32.dll
0x00007ff8cb660000 - 0x00007ff8cb706000 	C:\WINDOWS\System32\sechost.dll
0x00007ff8cce80000 - 0x00007ff8ccf98000 	C:\WINDOWS\System32\RPCRT4.dll
0x00007ff8cba50000 - 0x00007ff8cbac4000 	C:\WINDOWS\System32\WS2_32.dll
0x00007ff8c94d0000 - 0x00007ff8c952e000 	C:\WINDOWS\SYSTEM32\POWRPROF.dll
0x00007ff8b4320000 - 0x00007ff8b4355000 	C:\WINDOWS\SYSTEM32\WINMM.dll
0x00007ff8c0360000 - 0x00007ff8c036b000 	C:\WINDOWS\SYSTEM32\VERSION.dll
0x00007ff8c94b0000 - 0x00007ff8c94c4000 	C:\WINDOWS\SYSTEM32\UMPDC.dll
0x00007ff8c9770000 - 0x00007ff8c978b000 	C:\WINDOWS\SYSTEM32\kernel.appcore.dll
0x00007ff8b1c50000 - 0x00007ff8b1c5a000 	c:\Users\Ananna\.vscode\extensions\redhat.java-1.44.0-win32-x64\jre\21.0.8-win32-x86_64\bin\jimage.dll
0x00007ff8bda40000 - 0x00007ff8bdc81000 	C:\WINDOWS\SYSTEM32\DBGHELP.DLL
0x00007ff8ccad0000 - 0x00007ff8cce56000 	C:\WINDOWS\System32\combase.dll
0x00007ff8cb960000 - 0x00007ff8cba40000 	C:\WINDOWS\System32\OLEAUT32.dll
0x00007ff8c0260000 - 0x00007ff8c02a3000 	C:\WINDOWS\SYSTEM32\dbgcore.DLL
0x00007ff8caef0000 - 0x00007ff8caf89000 	C:\WINDOWS\System32\bcryptPrimitives.dll
0x00007ff8b1c10000 - 0x00007ff8b1c1f000 	c:\Users\Ananna\.vscode\extensions\redhat.java-1.44.0-win32-x64\jre\21.0.8-win32-x86_64\bin\instrument.dll
0x00007ff8a8e50000 - 0x00007ff8a8e6f000 	c:\Users\Ananna\.vscode\extensions\redhat.java-1.44.0-win32-x64\jre\21.0.8-win32-x86_64\bin\java.dll
0x00007ff8cbf60000 - 0x00007ff8cc6aa000 	C:\WINDOWS\System32\SHELL32.dll
0x00007ff8ca960000 - 0x00007ff8caad4000 	C:\WINDOWS\System32\wintypes.dll
0x00007ff8c8550000 - 0x00007ff8c8dab000 	C:\WINDOWS\SYSTEM32\windows.storage.dll
0x00007ff8cb510000 - 0x00007ff8cb605000 	C:\WINDOWS\System32\SHCORE.dll
0x00007ff8cb7d0000 - 0x00007ff8cb83a000 	C:\WINDOWS\System32\shlwapi.dll
0x00007ff8ca7c0000 - 0x00007ff8ca7ef000 	C:\WINDOWS\SYSTEM32\profapi.dll
0x00007ff8a8510000 - 0x00007ff8a8528000 	c:\Users\Ananna\.vscode\extensions\redhat.java-1.44.0-win32-x64\jre\21.0.8-win32-x86_64\bin\zip.dll
0x00007ff8ab330000 - 0x00007ff8ab340000 	C:\Users\Ananna\.vscode\extensions\redhat.java-1.44.0-win32-x64\jre\21.0.8-win32-x86_64\bin\net.dll
0x00007ff8befe0000 - 0x00007ff8bf0fe000 	C:\WINDOWS\SYSTEM32\WINHTTP.dll
0x00007ff8c9d00000 - 0x00007ff8c9d6a000 	C:\WINDOWS\system32\mswsock.dll
0x00007ff8a15b0000 - 0x00007ff8a15c6000 	C:\Users\Ananna\.vscode\extensions\redhat.java-1.44.0-win32-x64\jre\21.0.8-win32-x86_64\bin\nio.dll
0x00007ff8a1a90000 - 0x00007ff8a1aa0000 	c:\Users\Ananna\.vscode\extensions\redhat.java-1.44.0-win32-x64\jre\21.0.8-win32-x86_64\bin\verify.dll
0x00007ff89a820000 - 0x00007ff89a865000 	C:\Users\Ananna\AppData\Roaming\Code\User\globalStorage\redhat.java\1.44.0\config_win\org.eclipse.equinox.launcher\org.eclipse.equinox.launcher.win32.win32.x86_64_1.2.1400.v20250730-1736\eclipse_11913.dll
0x00007ff8cbd00000 - 0x00007ff8cbe9e000 	C:\WINDOWS\System32\ole32.dll
0x00007ff8c9fb0000 - 0x00007ff8c9fcb000 	C:\WINDOWS\SYSTEM32\CRYPTSP.dll
0x00007ff8c96d0000 - 0x00007ff8c970b000 	C:\WINDOWS\system32\rsaenh.dll
0x00007ff8c9da0000 - 0x00007ff8c9dcb000 	C:\WINDOWS\SYSTEM32\USERENV.dll
0x00007ff8ca790000 - 0x00007ff8ca7b6000 	C:\WINDOWS\SYSTEM32\bcrypt.dll
0x00007ff8c9fd0000 - 0x00007ff8c9fdc000 	C:\WINDOWS\SYSTEM32\CRYPTBASE.dll
0x00007ff8c9110000 - 0x00007ff8c9143000 	C:\WINDOWS\SYSTEM32\IPHLPAPI.DLL
0x00007ff8cb950000 - 0x00007ff8cb95a000 	C:\WINDOWS\System32\NSI.dll
0x00007ff876da0000 - 0x00007ff876de9000 	C:\Users\Ananna\AppData\Local\Temp\jna-1965481069\jna1629321708142204513.dll
0x00007ff8cb710000 - 0x00007ff8cb718000 	C:\WINDOWS\System32\PSAPI.DLL
0x00007ff8bf8b0000 - 0x00007ff8bf8cf000 	C:\WINDOWS\SYSTEM32\dhcpcsvc6.DLL
0x00007ff8bee00000 - 0x00007ff8bee25000 	C:\WINDOWS\SYSTEM32\dhcpcsvc.DLL
0x00007ff8b90c0000 - 0x00007ff8b90ce000 	C:\Users\Ananna\.vscode\extensions\redhat.java-1.44.0-win32-x64\jre\21.0.8-win32-x86_64\bin\sunmscapi.dll
0x00007ff8cac20000 - 0x00007ff8cad97000 	C:\WINDOWS\System32\CRYPT32.dll
0x00007ff8ca1d0000 - 0x00007ff8ca200000 	C:\WINDOWS\SYSTEM32\ncrypt.dll
0x00007ff8ca180000 - 0x00007ff8ca1bf000 	C:\WINDOWS\SYSTEM32\NTASN1.dll
0x00007ff8c91a0000 - 0x00007ff8c92c6000 	C:\WINDOWS\SYSTEM32\DNSAPI.dll
0x00007ff8b7830000 - 0x00007ff8b783b000 	C:\Windows\System32\rasadhlp.dll
0x00007ff8bcc10000 - 0x00007ff8bcc96000 	C:\WINDOWS\System32\fwpuclnt.dll
0x00007ff8b51b0000 - 0x00007ff8b51b9000 	C:\Users\Ananna\.vscode\extensions\redhat.java-1.44.0-win32-x64\jre\21.0.8-win32-x86_64\bin\extnet.dll
0x00007ff8c98a0000 - 0x00007ff8c98d6000 	C:\WINDOWS\SYSTEM32\ntmarta.dll

JVMTI agents:
c:\Users\Ananna\.vscode\extensions\redhat.java-1.44.0-win32-x64\lombok\lombok-1.18.39-4050.jar path:c:\Users\Ananna\.vscode\extensions\redhat.java-1.44.0-win32-x64\jre\21.0.8-win32-x86_64\bin\instrument.dll, loaded, initialized, instrumentlib options:none

dbghelp: loaded successfully - version: 4.0.5 - missing functions: none
symbol engine: initialized successfully - sym options: 0x614 - pdb path: .;c:\Users\Ananna\.vscode\extensions\redhat.java-1.44.0-win32-x64\jre\21.0.8-win32-x86_64\bin;C:\WINDOWS\SYSTEM32;C:\WINDOWS\WinSxS\amd64_microsoft.windows.common-controls_6595b64144ccf1df_6.0.26100.4484_none_3e0e6d4ce32ef3b3;c:\Users\Ananna\.vscode\extensions\redhat.java-1.44.0-win32-x64\jre\21.0.8-win32-x86_64\bin\server;C:\Users\Ananna\AppData\Roaming\Code\User\globalStorage\redhat.java\1.44.0\config_win\org.eclipse.equinox.launcher\org.eclipse.equinox.launcher.win32.win32.x86_64_1.2.1400.v20250730-1736;C:\Users\Ananna\AppData\Local\Temp\jna-1965481069

VM Arguments:
jvm_args: --add-modules=ALL-SYSTEM --add-opens=java.base/java.util=ALL-UNNAMED --add-opens=java.base/java.lang=ALL-UNNAMED --add-opens=java.base/sun.nio.fs=ALL-UNNAMED -Declipse.application=org.eclipse.jdt.ls.core.id1 -Dosgi.bundles.defaultStartLevel=4 -Declipse.product=org.eclipse.jdt.ls.core.product -Djava.import.generatesMetadataFilesAtProjectRoot=false -DDetectVMInstallationsJob.disabled=true -Dfile.encoding=utf8 -XX:+UseParallelGC -XX:GCTimeRatio=4 -XX:AdaptiveSizePolicyWeight=90 -Dsun.zip.disableMemoryMapping=true -Xmx2G -Xms100m -Xlog:disable -javaagent:c:\Users\Ananna\.vscode\extensions\redhat.java-1.44.0-win32-x64\lombok\lombok-1.18.39-4050.jar -XX:+HeapDumpOnOutOfMemoryError -XX:HeapDumpPath=c:\Users\Ananna\AppData\Roaming\Code\User\workspaceStorage\1ce8848d70978081d49c3080bb119f94\redhat.java -Daether.dependencyCollector.impl=bf 
java_command: c:\Users\Ananna\.vscode\extensions\redhat.java-1.44.0-win32-x64\server\plugins\org.eclipse.equinox.launcher_1.7.0.v20250519-0528.jar -configuration c:\Users\Ananna\AppData\Roaming\Code\User\globalStorage\redhat.java\1.44.0\config_win -data c:\Users\Ananna\AppData\Roaming\Code\User\workspaceStorage\1ce8848d70978081d49c3080bb119f94\redhat.java\jdt_ws --pipe=\\.\pipe\lsp-b264a86e2ae4c3c1fd405404db5c4e04-sock
java_class_path (initial): c:\Users\Ananna\.vscode\extensions\redhat.java-1.44.0-win32-x64\server\plugins\org.eclipse.equinox.launcher_1.7.0.v20250519-0528.jar
Launcher Type: SUN_STANDARD

[Global flags]
    uintx AdaptiveSizePolicyWeight                 = 90                                        {product} {command line}
     intx CICompilerCount                          = 3                                         {product} {ergonomic}
    uintx GCTimeRatio                              = 4                                         {product} {command line}
     bool HeapDumpOnOutOfMemoryError               = true                                   {manageable} {command line}
    ccstr HeapDumpPath                             = c:\Users\Ananna\AppData\Roaming\Code\User\workspaceStorage\1ce8848d70978081d49c3080bb119f94\redhat.java         {manageable} {command line}
   size_t InitialHeapSize                          = 104857600                                 {product} {command line}
   size_t MaxHeapSize                              = 2147483648                                {product} {command line}
   size_t MaxNewSize                               = 715653120                                 {product} {ergonomic}
   size_t MinHeapDeltaBytes                        = 524288                                    {product} {ergonomic}
   size_t MinHeapSize                              = 104857600                                 {product} {command line}
   size_t NewSize                                  = 34603008                                  {product} {ergonomic}
    uintx NonNMethodCodeHeapSize                   = 5832780                                {pd product} {ergonomic}
    uintx NonProfiledCodeHeapSize                  = 122912730                              {pd product} {ergonomic}
   size_t OldSize                                  = 70254592                                  {product} {ergonomic}
    uintx ProfiledCodeHeapSize                     = 122912730                              {pd product} {ergonomic}
    uintx ReservedCodeCacheSize                    = 251658240                              {pd product} {ergonomic}
     bool SegmentedCodeCache                       = true                                      {product} {ergonomic}
   size_t SoftMaxHeapSize                          = 2147483648                             {manageable} {ergonomic}
     bool UseCompressedOops                        = true                           {product lp64_product} {ergonomic}
     bool UseLargePagesIndividualAllocation        = false                                  {pd product} {ergonomic}
     bool UseParallelGC                            = true                                      {product} {command line}

Logging:
Log output configuration:
 #0: stdout all=off uptime,level,tags foldmultilines=false
 #1: stderr all=off uptime,level,tags foldmultilines=false

Environment Variables:
PATH=C:\Program Files\Eclipse Adoptium\jdk-21.0.7.6-hotspot\bin;C:\Python313\Scripts\;C:\Python313\;C:\WINDOWS\system32;C:\WINDOWS;C:\WINDOWS\System32\Wbem;C:\WINDOWS\System32\WindowsPowerShell\v1.0\;C:\WINDOWS\System32\OpenSSH\;C:\Program Files\nodejs\;C:\ProgramData\chocolatey\bin;C:\Program Files\Git\cmd;C:\Program Files\dotnet\;C:\Users\Ananna\.local\bin;C:\Users\Ananna\AppData\Local\Microsoft\WindowsApps;F:\Laptop\Microsoft VS Code\bin;C:\Users\Ananna\AppData\Roaming\npm;C:\Users\Ananna\AppData\Local\Programs\cursor\resources\app\bin;
USERNAME=Ananna
OS=Windows_NT
PROCESSOR_IDENTIFIER=Intel64 Family 6 Model 78 Stepping 3, GenuineIntel
TMP=C:\Users\Ananna\AppData\Local\Temp
TEMP=C:\Users\Ananna\AppData\Local\Temp




Periodic native trim disabled

---------------  S Y S T E M  ---------------

OS:
 Windows 11 , 64 bit Build 26100 (10.0.26100.4484)
OS uptime: 0 days 18:25 hours

CPU: total 4 (initial active 4) (2 cores per cpu, 2 threads per core) family 6 model 78 stepping 3 microcode 0xd6, cx8, cmov, fxsr, ht, mmx, 3dnowpref, sse, sse2, sse3, ssse3, sse4.1, sse4.2, popcnt, lzcnt, tsc, tscinvbit, avx, avx2, aes, erms, clmul, bmi1, bmi2, adx, fma, vzeroupper, clflush, clflushopt, rdtscp, f16c
Processor Information for the first 4 processors :
  Max Mhz: 2400, Current Mhz: 2300, Mhz Limit: 2280

Memory: 4k page, system-wide physical 8051M (548M free)
TotalPageFile size 12147M (AvailPageFile size 5M)
current process WorkingSet (physical memory assigned to process): 817M, peak: 841M
current process commit charge ("private bytes"): 759M, peak: 772M

vm_info: OpenJDK 64-Bit Server VM (21.0.8+9-LTS) for windows-amd64 JRE (21.0.8+9-LTS), built on 2025-07-15T00:00:00Z by "admin" with MS VC++ 17.7 (VS2022)

END.
